<?xml version="1.0" encoding="UTF-8"?>
<robot generator="Robot 6.1.1 (Python 3.11.6 on win32)" generated="20231206 13:11:34.021" rpa="false" schemaversion="4">
<suite id="s1" name="Test case" source="C:\Users\Admin\PycharmProjects\RobotFrame\Test_cases\Test_case.robot">
<test id="s1-t1" name="Login_test" line="6">
<kw name="opening browser" library="keyword">
<kw name="Open Browser" library="SeleniumLibrary">
<arg>${URL}</arg>
<arg>${browser}</arg>
<doc>Opens a new browser instance to the optional ``url``.</doc>
<msg timestamp="20231206 13:11:34.951" level="INFO">Opening browser 'chrome' to base url 'https://www.flipkart.com/'.</msg>
<status status="PASS" starttime="20231206 13:11:34.951" endtime="20231206 13:11:41.149"/>
</kw>
<kw name="Maximize Browser Window" library="SeleniumLibrary">
<doc>Maximizes current browser window.</doc>
<status status="PASS" starttime="20231206 13:11:41.149" endtime="20231206 13:11:41.351"/>
</kw>
<kw name="Click Element" library="SeleniumLibrary">
<arg>${Cancel_button}</arg>
<doc>Click the element identified by ``locator``.</doc>
<msg timestamp="20231206 13:11:41.352" level="INFO">Clicking element 'xpath://span[@class='_30XB9F']'.</msg>
<status status="PASS" starttime="20231206 13:11:41.351" endtime="20231206 13:11:41.506"/>
</kw>
<kw name="Sleep" library="BuiltIn">
<arg>3</arg>
<doc>Pauses the test executed for the given time.</doc>
<msg timestamp="20231206 13:11:44.507" level="INFO">Slept 3 seconds</msg>
<status status="PASS" starttime="20231206 13:11:41.506" endtime="20231206 13:11:44.507"/>
</kw>
<status status="PASS" starttime="20231206 13:11:34.950" endtime="20231206 13:11:44.507"/>
</kw>
<status status="PASS" starttime="20231206 13:11:34.949" endtime="20231206 13:11:44.507"/>
</test>
<status status="PASS" starttime="20231206 13:11:34.025" endtime="20231206 13:11:44.509"/>
</suite>
<statistics>
<total>
<stat pass="1" fail="0" skip="0">All Tests</stat>
</total>
<tag>
</tag>
<suite>
<stat pass="1" fail="0" skip="0" id="s1" name="Test case">Test case</stat>
</suite>
</statistics>
<errors>
</errors>
</robot>
