<?xml version="1.0" encoding="UTF-8"?>
<robot generator="Robot 6.1.1 (Python 3.12.1 on win32)" generated="20231210 01:05:48.826" rpa="false" schemaversion="4">
<suite id="s1" name="Test cases" source="C:\Users\Admin\Desktop\RobotAPI\TestCases\Test_cases.robot">
<test id="s1-t1" name="Test_Cases" line="5">
<kw name="SimpleBookAPI" library="Keywords">
<kw name="Create Session" library="RequestsLibrary">
<arg>simpleBooks</arg>
<arg>${URL}</arg>
<doc>Create Session: create a HTTP session to a server</doc>
<msg timestamp="20231210 01:05:49.737" level="INFO">Creating Session using : alias=simpleBooks, url=https://simple-books-api.glitch.me, headers={},                     cookies={}, auth=None, timeout=None, proxies=None, verify=False,                     debug=0 </msg>
<status status="PASS" starttime="20231210 01:05:49.736" endtime="20231210 01:05:49.737"/>
</kw>
<kw name="Create Dictionary" library="BuiltIn">
<var>${Body}</var>
<arg>clientName=chetan98769</arg>
<arg>clientEmail=chetan.kumar176591@gmail.com</arg>
<doc>Creates and returns a dictionary based on the given ``items``.</doc>
<msg timestamp="20231210 01:05:49.737" level="INFO">${Body} = {'clientName': 'chetan98769', 'clientEmail': 'chetan.kumar176591@gmail.com'}</msg>
<status status="PASS" starttime="20231210 01:05:49.737" endtime="20231210 01:05:49.738"/>
</kw>
<kw name="POST On Session" library="RequestsLibrary">
<var>${response}</var>
<arg>simpleBooks</arg>
<arg>${AuthneticateEndpoint}</arg>
<arg>json=${Body}</arg>
<doc>Sends a POST request on a previously created HTTP Session.</doc>
<msg timestamp="20231210 01:05:50.945" level="INFO">POST Request : url=https://simple-books-api.glitch.me/api-clients/ 
 path_url=/api-clients/ 
 headers={'User-Agent': 'python-requests/2.31.0', 'Accept-Encoding': 'gzip, deflate', 'Accept': '*/*', 'Connection': 'keep-alive', 'Content-Length': '76', 'Content-Type': 'application/json'} 
 body=b'{"clientName": "chetan98769", "clientEmail": "chetan.kumar176591@gmail.com"}' 
 </msg>
<msg timestamp="20231210 01:05:50.945" level="INFO">POST Response : url=https://simple-books-api.glitch.me/api-clients/ 
 status=201, reason=Created 
 headers={'Date': 'Sat, 09 Dec 2023 19:35:51 GMT', 'Content-Type': 'application/json; charset=utf-8', 'Content-Length': '82', 'Connection': 'keep-alive', 'x-powered-by': 'Express', 'etag': 'W/"52-B1iKPXw1y8oKTzJtb3xe6ekvTSw"'} 
 body={"accessToken":"2968c87987437a220d7f69f486b22760a3e447f2525c634e96da8b465c28bcca"} 
 </msg>
<msg timestamp="20231210 01:05:50.945" level="INFO">C:\Users\Admin\Desktop\RobotAPI\venv\Lib\site-packages\urllib3\connectionpool.py:1099: InsecureRequestWarning: Unverified HTTPS request is being made to host 'simple-books-api.glitch.me'. Adding certificate verification is strongly advised. See: https://urllib3.readthedocs.io/en/latest/advanced-usage.html#tls-warnings
  warnings.warn(</msg>
<msg timestamp="20231210 01:05:50.947" level="INFO">${response} = &lt;Response [201]&gt;</msg>
<status status="PASS" starttime="20231210 01:05:49.738" endtime="20231210 01:05:50.947"/>
</kw>
<kw name="Get Value From Json" library="JSONLibrary">
<var>${token}</var>
<arg>${response.json()}</arg>
<arg>$[accessToken]</arg>
<doc>Get Value From JSON using JSONPath</doc>
<msg timestamp="20231210 01:05:50.993" level="INFO">${token} = ['2968c87987437a220d7f69f486b22760a3e447f2525c634e96da8b465c28bcca']</msg>
<status status="PASS" starttime="20231210 01:05:50.948" endtime="20231210 01:05:50.993"/>
</kw>
<kw name="Set Variable" library="BuiltIn">
<var>${AccessToken}</var>
<arg>${token[0]}</arg>
<doc>Returns the given values which can then be assigned to a variables.</doc>
<msg timestamp="20231210 01:05:50.994" level="INFO">${AccessToken} = 2968c87987437a220d7f69f486b22760a3e447f2525c634e96da8b465c28bcca</msg>
<status status="PASS" starttime="20231210 01:05:50.993" endtime="20231210 01:05:50.994"/>
</kw>
<kw name="Set Suite Variable" library="BuiltIn">
<arg>${AccessToken}</arg>
<doc>Makes a variable available everywhere within the scope of the current suite.</doc>
<msg timestamp="20231210 01:05:50.994" level="INFO">${AccessToken} = 2968c87987437a220d7f69f486b22760a3e447f2525c634e96da8b465c28bcca</msg>
<status status="PASS" starttime="20231210 01:05:50.994" endtime="20231210 01:05:50.994"/>
</kw>
<kw name="Log To Console" library="BuiltIn">
<arg>${AccessToken}</arg>
<doc>Logs the given message to the console.</doc>
<status status="PASS" starttime="20231210 01:05:50.994" endtime="20231210 01:05:50.995"/>
</kw>
<kw name="Create Session" library="RequestsLibrary">
<arg>simpleBooks</arg>
<arg>${URL}</arg>
<doc>Create Session: create a HTTP session to a server</doc>
<msg timestamp="20231210 01:05:50.996" level="INFO">Creating Session using : alias=simpleBooks, url=https://simple-books-api.glitch.me, headers={},                     cookies={}, auth=None, timeout=None, proxies=None, verify=False,                     debug=0 </msg>
<status status="PASS" starttime="20231210 01:05:50.996" endtime="20231210 01:05:50.996"/>
</kw>
<kw name="GET On Session" library="RequestsLibrary">
<var>${Books}</var>
<arg>simpleBooks</arg>
<arg>url=${BooksEndpoint}</arg>
<doc>Sends a GET request on a previously created HTTP Session.</doc>
<msg timestamp="20231210 01:05:52.055" level="INFO">GET Request : url=https://simple-books-api.glitch.me/books 
 path_url=/books 
 headers={'User-Agent': 'python-requests/2.31.0', 'Accept-Encoding': 'gzip, deflate', 'Accept': '*/*', 'Connection': 'keep-alive'} 
 body=None 
 </msg>
<msg timestamp="20231210 01:05:52.055" level="INFO">GET Response : url=https://simple-books-api.glitch.me/books 
 status=200, reason=OK 
 headers={'Date': 'Sat, 09 Dec 2023 19:35:52 GMT', 'Content-Type': 'application/json; charset=utf-8', 'Content-Length': '417', 'Connection': 'keep-alive', 'x-powered-by': 'Express', 'etag': 'W/"1a1-MfqhfTYtZO2sguD1mJq8Vf41WjU"'} 
 body=[{"id":1,"name":"The Russian","type":"fiction","available":true},{"id":2,"name":"Just as I Am","type":"non-fiction","available":false},{"id":3,"name":"The Vanishing Half","type":"fiction","available":true},{"id":4,"name":"The Midnight Library","type":"fiction","available":true},{"id":5,"name":"Untamed","type":"non-fiction","available":true},{"id":6,"name":"Viscount Who Loved Me","type":"fiction","available":true}] 
 </msg>
<msg timestamp="20231210 01:05:52.055" level="INFO">C:\Users\Admin\Desktop\RobotAPI\venv\Lib\site-packages\urllib3\connectionpool.py:1099: InsecureRequestWarning: Unverified HTTPS request is being made to host 'simple-books-api.glitch.me'. Adding certificate verification is strongly advised. See: https://urllib3.readthedocs.io/en/latest/advanced-usage.html#tls-warnings
  warnings.warn(</msg>
<msg timestamp="20231210 01:05:52.058" level="INFO">${Books} = &lt;Response [200]&gt;</msg>
<status status="PASS" starttime="20231210 01:05:50.996" endtime="20231210 01:05:52.058"/>
</kw>
<kw name="Log To Console" library="BuiltIn">
<arg>${Books.text}</arg>
<doc>Logs the given message to the console.</doc>
<status status="PASS" starttime="20231210 01:05:52.058" endtime="20231210 01:05:52.061"/>
</kw>
<kw name="Create Session" library="RequestsLibrary">
<arg>simpleBooks</arg>
<arg>${URL}</arg>
<doc>Create Session: create a HTTP session to a server</doc>
<msg timestamp="20231210 01:05:52.062" level="INFO">Creating Session using : alias=simpleBooks, url=https://simple-books-api.glitch.me, headers={},                     cookies={}, auth=None, timeout=None, proxies=None, verify=False,                     debug=0 </msg>
<status status="PASS" starttime="20231210 01:05:52.062" endtime="20231210 01:05:52.063"/>
</kw>
<kw name="Create Dictionary" library="BuiltIn">
<var>${orderbody}</var>
<arg>bookId=1</arg>
<arg>customerName=chetan kumar</arg>
<doc>Creates and returns a dictionary based on the given ``items``.</doc>
<msg timestamp="20231210 01:05:52.065" level="INFO">${orderbody} = {'bookId': '1', 'customerName': 'chetan kumar'}</msg>
<status status="PASS" starttime="20231210 01:05:52.064" endtime="20231210 01:05:52.065"/>
</kw>
<kw name="Create Dictionary" library="BuiltIn">
<var>${headers}</var>
<arg>Authorization=Bearer ${AccessToken}</arg>
<arg>Content-Type=application/json</arg>
<doc>Creates and returns a dictionary based on the given ``items``.</doc>
<msg timestamp="20231210 01:05:52.067" level="INFO">${headers} = {'Authorization': 'Bearer 2968c87987437a220d7f69f486b22760a3e447f2525c634e96da8b465c28bcca', 'Content-Type': 'application/json'}</msg>
<status status="PASS" starttime="20231210 01:05:52.066" endtime="20231210 01:05:52.067"/>
</kw>
<kw name="POST On Session" library="RequestsLibrary">
<var>${OrderRes}</var>
<arg>simpleBooks</arg>
<arg>${OrderEndpoint}</arg>
<arg>json=${orderbody}</arg>
<arg>headers=${headers}</arg>
<doc>Sends a POST request on a previously created HTTP Session.</doc>
<msg timestamp="20231210 01:05:53.244" level="INFO">POST Request : url=https://simple-books-api.glitch.me/orders 
 path_url=/orders 
 headers={'User-Agent': 'python-requests/2.31.0', 'Accept-Encoding': 'gzip, deflate', 'Accept': '*/*', 'Connection': 'keep-alive', 'Authorization': 'Bearer 2968c87987437a220d7f69f486b22760a3e447f2525c634e96da8b465c28bcca', 'Content-Type': 'application/json', 'Content-Length': '47'} 
 body=b'{"bookId": "1", "customerName": "chetan kumar"}' 
 </msg>
<msg timestamp="20231210 01:05:53.244" level="INFO">POST Response : url=https://simple-books-api.glitch.me/orders 
 status=201, reason=Created 
 headers={'Date': 'Sat, 09 Dec 2023 19:35:53 GMT', 'Content-Type': 'application/json; charset=utf-8', 'Content-Length': '50', 'Connection': 'keep-alive', 'x-powered-by': 'Express', 'etag': 'W/"32-bZvG2G/xrjwKuFR6Or6rS68tNKs"'} 
 body={"created":true,"orderId":"YmiXK87wUpKW7xop-M6Pc"} 
 </msg>
<msg timestamp="20231210 01:05:53.244" level="INFO">C:\Users\Admin\Desktop\RobotAPI\venv\Lib\site-packages\urllib3\connectionpool.py:1099: InsecureRequestWarning: Unverified HTTPS request is being made to host 'simple-books-api.glitch.me'. Adding certificate verification is strongly advised. See: https://urllib3.readthedocs.io/en/latest/advanced-usage.html#tls-warnings
  warnings.warn(</msg>
<msg timestamp="20231210 01:05:53.246" level="INFO">${OrderRes} = &lt;Response [201]&gt;</msg>
<status status="PASS" starttime="20231210 01:05:52.068" endtime="20231210 01:05:53.246"/>
</kw>
<kw name="Get Value From Json" library="JSONLibrary">
<var>${orderid}</var>
<arg>${OrderRes.json()}</arg>
<arg>$[orderId]</arg>
<doc>Get Value From JSON using JSONPath</doc>
<msg timestamp="20231210 01:05:53.291" level="INFO">${orderid} = ['YmiXK87wUpKW7xop-M6Pc']</msg>
<status status="PASS" starttime="20231210 01:05:53.247" endtime="20231210 01:05:53.291"/>
</kw>
<kw name="Set Variable" library="BuiltIn">
<var>${OrderID}</var>
<arg>${orderid[0]}</arg>
<doc>Returns the given values which can then be assigned to a variables.</doc>
<msg timestamp="20231210 01:05:53.291" level="INFO">${OrderID} = YmiXK87wUpKW7xop-M6Pc</msg>
<status status="PASS" starttime="20231210 01:05:53.291" endtime="20231210 01:05:53.291"/>
</kw>
<kw name="Set Suite Variable" library="BuiltIn">
<arg>${OrderID}</arg>
<doc>Makes a variable available everywhere within the scope of the current suite.</doc>
<msg timestamp="20231210 01:05:53.292" level="INFO">${OrderID} = YmiXK87wUpKW7xop-M6Pc</msg>
<status status="PASS" starttime="20231210 01:05:53.291" endtime="20231210 01:05:53.292"/>
</kw>
<kw name="Log To Console" library="BuiltIn">
<arg>${OrderID}</arg>
<doc>Logs the given message to the console.</doc>
<status status="PASS" starttime="20231210 01:05:53.292" endtime="20231210 01:05:53.292"/>
</kw>
<kw name="Create Session" library="RequestsLibrary">
<arg>simpleBooks</arg>
<arg>${URL}</arg>
<doc>Create Session: create a HTTP session to a server</doc>
<msg timestamp="20231210 01:05:53.292" level="INFO">Creating Session using : alias=simpleBooks, url=https://simple-books-api.glitch.me, headers={},                     cookies={}, auth=None, timeout=None, proxies=None, verify=False,                     debug=0 </msg>
<status status="PASS" starttime="20231210 01:05:53.292" endtime="20231210 01:05:53.293"/>
</kw>
<kw name="Create Dictionary" library="BuiltIn">
<var>${headers}</var>
<arg>Authorization=Bearer ${AccessToken}</arg>
<arg>Content-Type=application/json</arg>
<doc>Creates and returns a dictionary based on the given ``items``.</doc>
<msg timestamp="20231210 01:05:53.293" level="INFO">${headers} = {'Authorization': 'Bearer 2968c87987437a220d7f69f486b22760a3e447f2525c634e96da8b465c28bcca', 'Content-Type': 'application/json'}</msg>
<status status="PASS" starttime="20231210 01:05:53.293" endtime="20231210 01:05:53.293"/>
</kw>
<kw name="GET On Session" library="RequestsLibrary">
<var>${orders}</var>
<arg>simpleBooks</arg>
<arg>url=${orders123}${OrderID}</arg>
<arg>headers=${headers}</arg>
<doc>Sends a GET request on a previously created HTTP Session.</doc>
<msg timestamp="20231210 01:05:54.264" level="INFO">GET Request : url=https://simple-books-api.glitch.me/orders/YmiXK87wUpKW7xop-M6Pc 
 path_url=/orders/YmiXK87wUpKW7xop-M6Pc 
 headers={'User-Agent': 'python-requests/2.31.0', 'Accept-Encoding': 'gzip, deflate', 'Accept': '*/*', 'Connection': 'keep-alive', 'Authorization': 'Bearer 2968c87987437a220d7f69f486b22760a3e447f2525c634e96da8b465c28bcca', 'Content-Type': 'application/json'} 
 body=None 
 </msg>
<msg timestamp="20231210 01:05:54.264" level="INFO">GET Response : url=https://simple-books-api.glitch.me/orders/YmiXK87wUpKW7xop-M6Pc 
 status=200, reason=OK 
 headers={'Date': 'Sat, 09 Dec 2023 19:35:54 GMT', 'Content-Type': 'application/json; charset=utf-8', 'Content-Length': '189', 'Connection': 'keep-alive', 'x-powered-by': 'Express', 'etag': 'W/"bd-1Vskr9962rbKmZ0e2ycC4NHRQjs"'} 
 body={"id":"YmiXK87wUpKW7xop-M6Pc","bookId":1,"customerName":"chetan kumar","createdBy":"2336e75be01f5108c9442a821e8cb4d87c14fde4ca883768b0f8d5dc15784d33","quantity":1,"timestamp":1702150553310} 
 </msg>
<msg timestamp="20231210 01:05:54.265" level="INFO">C:\Users\Admin\Desktop\RobotAPI\venv\Lib\site-packages\urllib3\connectionpool.py:1099: InsecureRequestWarning: Unverified HTTPS request is being made to host 'simple-books-api.glitch.me'. Adding certificate verification is strongly advised. See: https://urllib3.readthedocs.io/en/latest/advanced-usage.html#tls-warnings
  warnings.warn(</msg>
<msg timestamp="20231210 01:05:54.267" level="INFO">${orders} = &lt;Response [200]&gt;</msg>
<status status="PASS" starttime="20231210 01:05:53.293" endtime="20231210 01:05:54.268"/>
</kw>
<kw name="Log To Console" library="BuiltIn">
<arg>${orders.text}</arg>
<doc>Logs the given message to the console.</doc>
<status status="PASS" starttime="20231210 01:05:54.268" endtime="20231210 01:05:54.272"/>
</kw>
<kw name="Create Session" library="RequestsLibrary">
<arg>simpleBooks</arg>
<arg>${URL}</arg>
<doc>Create Session: create a HTTP session to a server</doc>
<msg timestamp="20231210 01:05:54.273" level="INFO">Creating Session using : alias=simpleBooks, url=https://simple-books-api.glitch.me, headers={},                     cookies={}, auth=None, timeout=None, proxies=None, verify=False,                     debug=0 </msg>
<status status="PASS" starttime="20231210 01:05:54.272" endtime="20231210 01:05:54.273"/>
</kw>
<kw name="Create Dictionary" library="BuiltIn">
<var>${update_order_body}</var>
<arg>customerName=chetan Arakeri</arg>
<doc>Creates and returns a dictionary based on the given ``items``.</doc>
<msg timestamp="20231210 01:05:54.274" level="INFO">${update_order_body} = {'customerName': 'chetan Arakeri'}</msg>
<status status="PASS" starttime="20231210 01:05:54.274" endtime="20231210 01:05:54.275"/>
</kw>
<kw name="Create Dictionary" library="BuiltIn">
<var>${headers}</var>
<arg>Authorization=Bearer ${AccessToken}</arg>
<arg>Content-Type=application/json</arg>
<doc>Creates and returns a dictionary based on the given ``items``.</doc>
<msg timestamp="20231210 01:05:54.276" level="INFO">${headers} = {'Authorization': 'Bearer 2968c87987437a220d7f69f486b22760a3e447f2525c634e96da8b465c28bcca', 'Content-Type': 'application/json'}</msg>
<status status="PASS" starttime="20231210 01:05:54.275" endtime="20231210 01:05:54.276"/>
</kw>
<kw name="PATCH On Session" library="RequestsLibrary">
<var>${update_OrderRes}</var>
<arg>simpleBooks</arg>
<arg>${orders123}${OrderID}</arg>
<arg>json=${update_order_body}</arg>
<arg>headers=${headers}</arg>
<doc>Sends a PATCH request on a previously created HTTP Session.</doc>
<msg timestamp="20231210 01:05:55.451" level="INFO">PATCH Request : url=https://simple-books-api.glitch.me/orders/YmiXK87wUpKW7xop-M6Pc 
 path_url=/orders/YmiXK87wUpKW7xop-M6Pc 
 headers={'User-Agent': 'python-requests/2.31.0', 'Accept-Encoding': 'gzip, deflate', 'Accept': '*/*', 'Connection': 'keep-alive', 'Authorization': 'Bearer 2968c87987437a220d7f69f486b22760a3e447f2525c634e96da8b465c28bcca', 'Content-Type': 'application/json', 'Content-Length': '34'} 
 body=b'{"customerName": "chetan Arakeri"}' 
 </msg>
<msg timestamp="20231210 01:05:55.451" level="INFO">PATCH Response : url=https://simple-books-api.glitch.me/orders/YmiXK87wUpKW7xop-M6Pc 
 status=204, reason=No Content 
 headers={'Date': 'Sat, 09 Dec 2023 19:35:55 GMT', 'Connection': 'keep-alive', 'x-powered-by': 'Express'} 
 body=None 
 </msg>
<msg timestamp="20231210 01:05:55.452" level="INFO">C:\Users\Admin\Desktop\RobotAPI\venv\Lib\site-packages\urllib3\connectionpool.py:1099: InsecureRequestWarning: Unverified HTTPS request is being made to host 'simple-books-api.glitch.me'. Adding certificate verification is strongly advised. See: https://urllib3.readthedocs.io/en/latest/advanced-usage.html#tls-warnings
  warnings.warn(</msg>
<msg timestamp="20231210 01:05:55.452" level="INFO">${update_OrderRes} = &lt;Response [204]&gt;</msg>
<status status="PASS" starttime="20231210 01:05:54.276" endtime="20231210 01:05:55.452"/>
</kw>
<kw name="Log To Console" library="BuiltIn">
<arg>${update_OrderRes}</arg>
<doc>Logs the given message to the console.</doc>
<status status="PASS" starttime="20231210 01:05:55.452" endtime="20231210 01:05:55.453"/>
</kw>
<status status="PASS" starttime="20231210 01:05:49.736" endtime="20231210 01:05:55.453"/>
</kw>
<status status="PASS" starttime="20231210 01:05:49.735" endtime="20231210 01:05:55.453"/>
</test>
<status status="PASS" starttime="20231210 01:05:48.830" endtime="20231210 01:05:55.455"/>
</suite>
<statistics>
<total>
<stat pass="1" fail="0" skip="0">All Tests</stat>
</total>
<tag>
</tag>
<suite>
<stat pass="1" fail="0" skip="0" id="s1" name="Test cases">Test cases</stat>
</suite>
</statistics>
<errors>
</errors>
</robot>
